Log: Log file open, 11/05/22 17:58:20
Init: Name subsystem initialized
Init: Detected: Microsoft Windows NT 6.2 (Build: 9200)
Init: Version: 224
Init: Compiled: May  1 1999 17:57:07
Init: Command line: 
Init: Base directory: C:\Users\Jakie\Documents\My Games\Jazz3\Jazz3\Builds\Jazz224\System\
Init: Character set: Unicode
Log: Bound to Core.dll
Init: Object subsystem initialized
Init: Memory total: Phys=2097151K Pagef=4194303K Virt=2097024K
Init: Working set: 32000 / 159000
Init: CPU Speed=2694.938459 MHz
Init: CPU Page size=4096, Processors=4
Init: CPU Detected: Unknown processor (AuthenticAMD)
Init: CPU Features: MMX CMov FPU TimeStamp
Log: =======================================
Log: ucc.exe: UnrealOS execution environment
Log: Copyright 1999 Epic Games Inc
Log: =======================================
Log: 
Log: Use "ucc help" for help
Exit: appPreExit
Log: Purging garbage
Log: Unbound to Core.dll
Exit: Object subsystem successfully closed.
Exit: appExit
Uninitialized: Name subsystem shut down
Uninitialized: Allocation checking disabled
Uninitialized: Log file closed, 11/05/22 17:58:21
